"../../../Engine/Content/EngineMaterials/T_Default_Material_Grid_N.uasset" 0
"../../../Engine/Content/EngineMaterials/T_Default_Material_Grid_N.uexp" 1
"../../../Engine/Content/EngineMaterials/T_Default_Material_Grid_N.ubulk" 2
"../../../Engine/Content/EngineMaterials/T_Default_Material_Grid_M.uasset" 3
"../../../Engine/Content/EngineMaterials/T_Default_Material_Grid_M.uexp" 4
"../../../Engine/Content/EngineMaterials/T_Default_Material_Grid_M.ubulk" 5
"../../../Engine/Content/Functions/Engine_MaterialFunctions01/Opacity/CameraDepthFade.uasset" 6
"../../../Engine/Content/Functions/Engine_MaterialFunctions01/Opacity/CameraDepthFade.uexp" 7
"../../../Engine/Content/EngineMaterials/WorldGridMaterial.uasset" 8
"../../../Engine/Content/EngineMaterials/WorldGridMaterial.uexp" 9
"../../../Engine/Content/ArtTools/RenderToTexture/Meshes/S_1_Unit_Plane.uasset" 10
"../../../Engine/Content/ArtTools/RenderToTexture/Meshes/S_1_Unit_Plane.uexp" 11
"../../../Engine/Content/EngineMaterials/DefaultNormal_Uncompressed.uasset" 12
"../../../Engine/Content/EngineMaterials/DefaultNormal_Uncompressed.uexp" 13
"../../../Engine/Content/EngineMaterials/DefaultNormal_Uncompressed.ubulk" 14
"../../../Engine/Content/Functions/Engine_MaterialFunctions01/Gradient/LinearGradient.uasset" 15
"../../../Engine/Content/Functions/Engine_MaterialFunctions01/Gradient/LinearGradient.uexp" 16
"../../../Engine/Content/Functions/Engine_MaterialFunctions01/ImageAdjustment/CheapContrast.uasset" 17
"../../../Engine/Content/Functions/Engine_MaterialFunctions01/ImageAdjustment/CheapContrast.uexp" 18
"../../../Engine/Content/EngineMaterials/BaseFlattenNormalMap.uasset" 19
"../../../Engine/Content/EngineMaterials/BaseFlattenNormalMap.uexp" 20
"../../../Engine/Content/Functions/Engine_MaterialFunctions02/Utility/MakeFloat3.uasset" 21
"../../../Engine/Content/Functions/Engine_MaterialFunctions02/Utility/MakeFloat3.uexp" 22
"../../../Engine/Content/Functions/Engine_MaterialFunctions02/SafeNormalize.uasset" 23
"../../../Engine/Content/Functions/Engine_MaterialFunctions02/SafeNormalize.uexp" 24
"../../../Engine/Content/Functions/Engine_MaterialFunctions02/Math/CreateThirdOrthogonalVector.uasset" 25
"../../../Engine/Content/Functions/Engine_MaterialFunctions02/Math/CreateThirdOrthogonalVector.uexp" 26
"../../../Engine/Content/Functions/Engine_MaterialFunctions02/Utility/BreakOutFloat3Components.uasset" 27
"../../../Engine/Content/Functions/Engine_MaterialFunctions02/Utility/BreakOutFloat3Components.uexp" 28
"../../../Engine/Content/Functions/Engine_MaterialFunctions02/Math/Transform3x3Matrix.uasset" 29
"../../../Engine/Content/Functions/Engine_MaterialFunctions02/Math/Transform3x3Matrix.uexp" 30
"../../../Engine/Content/Functions/Engine_MaterialFunctions02/Utility/BreakOutFloat2Components.uasset" 31
"../../../Engine/Content/Functions/Engine_MaterialFunctions02/Utility/BreakOutFloat2Components.uexp" 32
"../../../Engine/Content/Functions/Engine_MaterialFunctions02/WorldAlignedNormals_HighQuality.uasset" 33
"../../../Engine/Content/Functions/Engine_MaterialFunctions02/WorldAlignedNormals_HighQuality.uexp" 34
"../../../Engine/Content/Functions/Engine_MaterialFunctions01/Texturing/WorldAlignedNormal.uasset" 35
"../../../Engine/Content/Functions/Engine_MaterialFunctions01/Texturing/WorldAlignedNormal.uexp" 36
"../../../Engine/Content/EngineMaterials/DefaultMaterial.uasset" 37
"../../../Engine/Content/EngineMaterials/DefaultMaterial.uexp" 38
"../../../Engine/Content/BasicShapes/Cone.uasset" 39
"../../../Engine/Content/BasicShapes/Cone.uexp" 40
"../../../Engine/Content/BasicShapes/Cube.uasset" 41
"../../../Engine/Content/BasicShapes/Cube.uexp" 42
"../../../Engine/Content/BasicShapes/Plane.uasset" 43
"../../../Engine/Content/BasicShapes/Plane.uexp" 44
"../../../Engine/Content/BasicShapes/Sphere.uasset" 45
"../../../Engine/Content/BasicShapes/Sphere.uexp" 46
"../../../Engine/Content/EditorLandscapeResources/DataLayer.uasset" 47
"../../../Engine/Content/EditorLandscapeResources/DataLayer.uexp" 48
"../../../Engine/Content/EditorLandscapeResources/DefaultAlphaTexture.uasset" 49
"../../../Engine/Content/EditorLandscapeResources/DefaultAlphaTexture.uexp" 50
"../../../Engine/Content/EditorMaterials/MAT_Groups_Toggle.uasset" 51
"../../../Engine/Content/EditorMaterials/MAT_Groups_Toggle.uexp" 52
"../../../Engine/Content/EditorMaterials/MAT_Groups_Visibility.uasset" 53
"../../../Engine/Content/EditorMaterials/MAT_Groups_Visibility.uexp" 54
"../../../Engine/Content/EditorMaterials/PreviewShadowIndicator.uasset" 55
"../../../Engine/Content/EditorMaterials/PreviewShadowIndicator.uexp" 56
"../../../Engine/Content/EditorMaterials/PreviewShadowIndicator.ubulk" 57
"../../../Engine/Content/EditorMaterials/PreviewShadowIndicatorMaterial.uasset" 58
"../../../Engine/Content/EditorMaterials/PreviewShadowIndicatorMaterial.uexp" 59
"../../../Engine/Content/EditorMaterials/MatineeGroups/MAT_ColorTrack.uasset" 60
"../../../Engine/Content/EditorMaterials/MatineeGroups/MAT_ColorTrack.uexp" 61
"../../../Engine/Content/EditorMaterials/MatineeGroups/MAT_Groups_Anim.uasset" 62
"../../../Engine/Content/EditorMaterials/MatineeGroups/MAT_Groups_Anim.uexp" 63
"../../../Engine/Content/EditorMaterials/MatineeGroups/MAT_Groups_AudioMaster.uasset" 64
"../../../Engine/Content/EditorMaterials/MatineeGroups/MAT_Groups_AudioMaster.uexp" 65
"../../../Engine/Content/EditorMaterials/MatineeGroups/MAT_Groups_Director.uasset" 66
"../../../Engine/Content/EditorMaterials/MatineeGroups/MAT_Groups_Director.uexp" 67
"../../../Engine/Content/EditorMaterials/MatineeGroups/MAT_Groups_Event.uasset" 68
"../../../Engine/Content/EditorMaterials/MatineeGroups/MAT_Groups_Event.uexp" 69
"../../../Engine/Content/EditorMaterials/MatineeGroups/MAT_Groups_Fade.uasset" 70
"../../../Engine/Content/EditorMaterials/MatineeGroups/MAT_Groups_Fade.uexp" 71
"../../../Engine/Content/EditorMaterials/MatineeGroups/MAT_Groups_Float.uasset" 72
"../../../Engine/Content/EditorMaterials/MatineeGroups/MAT_Groups_Float.uexp" 73
"../../../Engine/Content/EditorMaterials/MatineeGroups/MAT_Groups_Move.uasset" 74
"../../../Engine/Content/EditorMaterials/MatineeGroups/MAT_Groups_Move.uexp" 75
"../../../Engine/Content/EditorMaterials/MatineeGroups/MAT_Groups_Slomo.uasset" 76
"../../../Engine/Content/EditorMaterials/MatineeGroups/MAT_Groups_Slomo.uexp" 77
"../../../Engine/Content/EditorMaterials/MatineeGroups/MAT_Groups_Sound.uasset" 78
"../../../Engine/Content/EditorMaterials/MatineeGroups/MAT_Groups_Sound.uexp" 79
"../../../Engine/Content/EditorMaterials/MatineeGroups/MAT_Groups_Vector.uasset" 80
"../../../Engine/Content/EditorMaterials/MatineeGroups/MAT_Groups_Vector.uexp" 81
"../../../Engine/Content/EditorMaterials/ParticleSystems/PSysThumbnail_NoImage.uasset" 82
"../../../Engine/Content/EditorMaterials/ParticleSystems/PSysThumbnail_NoImage.uexp" 83
"../../../Engine/Content/EditorMaterials/ParticleSystems/PSysThumbnail_NoImage.ubulk" 84
"../../../Engine/Content/EditorMaterials/ParticleSystems/PSysThumbnail_OOD.uasset" 85
"../../../Engine/Content/EditorMaterials/ParticleSystems/PSysThumbnail_OOD.uexp" 86
"../../../Engine/Content/EditorMaterials/ParticleSystems/PSysThumbnail_OOD.ubulk" 87
"../../../Engine/Content/EditorMaterials/Camera/CineMat.uasset" 88
"../../../Engine/Content/EditorMaterials/Camera/CineMat.uexp" 89
"../../../Engine/Content/EditorMaterials/Camera/MI_CineMat_Rig.uasset" 90
"../../../Engine/Content/EditorMaterials/Camera/MI_CineMat_Rig.uexp" 91
"../../../Engine/Content/EditorMeshes/Camera/SM_CraneRig_Arm.uasset" 92
"../../../Engine/Content/EditorMeshes/Camera/SM_CraneRig_Arm.uexp" 93
"../../../Engine/Content/EditorMeshes/Camera/SM_CraneRig_Base.uasset" 94
"../../../Engine/Content/EditorMeshes/Camera/SM_CraneRig_Base.uexp" 95
"../../../Engine/Content/EditorMeshes/Camera/SM_CraneRig_Body.uasset" 96
"../../../Engine/Content/EditorMeshes/Camera/SM_CraneRig_Body.uexp" 97
"../../../Engine/Content/EditorMeshes/Camera/SM_CraneRig_Mount.uasset" 98
"../../../Engine/Content/EditorMeshes/Camera/SM_CraneRig_Mount.uexp" 99
"../../../Engine/Content/EditorMeshes/Camera/SM_RailRig_Mount.uasset" 100
"../../../Engine/Content/EditorMeshes/Camera/SM_RailRig_Mount.uexp" 101
"../../../Engine/Content/EditorMeshes/Camera/SM_RailRig_Track.uasset" 102
"../../../Engine/Content/EditorMeshes/Camera/SM_RailRig_Track.uexp" 103
"../../../Engine/Content/EditorResources/BSPVertex.uasset" 104
"../../../Engine/Content/EditorResources/BSPVertex.uexp" 105
"../../../Engine/Content/EditorResources/EmptyActor.uasset" 106
"../../../Engine/Content/EditorResources/EmptyActor.uexp" 107
"../../../Engine/Content/EditorResources/S_Actor.uasset" 108
"../../../Engine/Content/EditorResources/S_Actor.uexp" 109
"../../../Engine/Content/EditorResources/S_Actor.ubulk" 110
"../../../Engine/Content/EditorResources/S_Note.uasset" 111
"../../../Engine/Content/EditorResources/S_Note.uexp" 112
"../../../Engine/Content/EditorResources/S_Note.ubulk" 113
"../../../Engine/Content/EditorResources/S_Solver.uasset" 114
"../../../Engine/Content/EditorResources/S_Solver.uexp" 115
"../../../Engine/Content/EditorResources/S_Solver.ubulk" 116
"../../../Engine/Content/EditorResources/S_Terrain.uasset" 117
"../../../Engine/Content/EditorResources/S_Terrain.uexp" 118
"../../../Engine/Content/EditorResources/S_Terrain.ubulk" 119
"../../../Engine/Content/EditorResources/S_Trigger.uasset" 120
"../../../Engine/Content/EditorResources/S_Trigger.uexp" 121
"../../../Engine/Content/EditorResources/S_Trigger.ubulk" 122
"../../../Engine/Content/EditorResources/AudioIcons/S_AudioComponent_AutoActivate.uasset" 123
"../../../Engine/Content/EditorResources/AudioIcons/S_AudioComponent_AutoActivate.uexp" 124
"../../../Engine/Content/EditorResources/AudioIcons/S_AudioComponent_AutoActivate.ubulk" 125
"../../../Engine/Content/EditorResources/LightIcons/S_LightError.uasset" 126
"../../../Engine/Content/EditorResources/LightIcons/S_LightError.uexp" 127
"../../../Engine/Content/EditorResources/SequenceRecorder/Countdown.uasset" 128
"../../../Engine/Content/EditorResources/SequenceRecorder/Countdown.uexp" 129
"../../../Engine/Content/EditorResources/SequenceRecorder/RecordingIndicator.uasset" 130
"../../../Engine/Content/EditorResources/SequenceRecorder/RecordingIndicator.uexp" 131
"../../../Engine/Content/EngineDamageTypes/DmgTypeBP_Environmental.uasset" 132
"../../../Engine/Content/EngineDamageTypes/DmgTypeBP_Environmental.uexp" 133
"../../../Engine/Content/EngineDebugMaterials/DebugEditorMaterial.uasset" 134
"../../../Engine/Content/EngineDebugMaterials/DebugEditorMaterial.uexp" 135
"../../../Engine/Content/EngineDebugMaterials/DebugMeshMaterial.uasset" 136
"../../../Engine/Content/EngineDebugMaterials/DebugMeshMaterial.uexp" 137
"../../../Engine/Content/EngineDebugMaterials/M_SimpleUnlitTranslucent.uasset" 138
"../../../Engine/Content/EngineDebugMaterials/M_SimpleUnlitTranslucent.uexp" 139
"../../../Engine/Content/EngineDebugMaterials/VolumeToRender.uasset" 140
"../../../Engine/Content/EngineDebugMaterials/VolumeToRender.uexp" 141
"../../../Engine/Content/Functions/Engine_MaterialFunctions02/Utility/CameraDirectionVector.uasset" 142
"../../../Engine/Content/Functions/Engine_MaterialFunctions02/Utility/CameraDirectionVector.uexp" 143
"../../../Engine/Content/EngineDebugMaterials/M_VolumeRenderSphereTracePP.uasset" 144
"../../../Engine/Content/EngineDebugMaterials/M_VolumeRenderSphereTracePP.uexp" 145
"../../../Engine/Content/Functions/Engine_MaterialFunctions01/Shading/ConvertFromDiffSpec.uasset" 146
"../../../Engine/Content/Functions/Engine_MaterialFunctions01/Shading/ConvertFromDiffSpec.uexp" 147
"../../../Engine/Content/EngineDebugMaterials/VertexColorMaterial.uasset" 148
"../../../Engine/Content/EngineDebugMaterials/VertexColorMaterial.uexp" 149
"../../../Engine/Content/EngineDebugMaterials/WireframeMaterial.uasset" 150
"../../../Engine/Content/EngineDebugMaterials/WireframeMaterial.uexp" 151
"../../../Engine/Content/EngineFonts/Faces/RobotoRegular.uasset" 152
"../../../Engine/Content/EngineFonts/Faces/RobotoRegular.uexp" 153
"../../../Engine/Content/EngineFonts/Faces/RobotoRegular.ufont" 154
"../../../Engine/Content/EngineFonts/Faces/RobotoLight.uasset" 155
"../../../Engine/Content/EngineFonts/Faces/RobotoLight.uexp" 156
"../../../Engine/Content/EngineFonts/Faces/RobotoLight.ufont" 157
"../../../Engine/Content/EngineFonts/Faces/RobotoItalic.uasset" 158
"../../../Engine/Content/EngineFonts/Faces/RobotoItalic.uexp" 159
"../../../Engine/Content/EngineFonts/Faces/RobotoItalic.ufont" 160
"../../../Engine/Content/EngineFonts/Faces/RobotoBoldItalic.uasset" 161
"../../../Engine/Content/EngineFonts/Faces/RobotoBoldItalic.uexp" 162
"../../../Engine/Content/EngineFonts/Faces/RobotoBoldItalic.ufont" 163
"../../../Engine/Content/EngineFonts/Faces/RobotoBold.uasset" 164
"../../../Engine/Content/EngineFonts/Faces/RobotoBold.uexp" 165
"../../../Engine/Content/EngineFonts/Faces/RobotoBold.ufont" 166
"../../../Engine/Content/EngineFonts/Faces/DroidSansFallback.uasset" 167
"../../../Engine/Content/EngineFonts/Faces/DroidSansFallback.uexp" 168
"../../../Engine/Content/EngineFonts/Faces/DroidSansFallback.ufont" 169
"../../../Engine/Content/EngineFonts/Roboto.uasset" 170
"../../../Engine/Content/EngineFonts/Roboto.uexp" 171
"../../../Engine/Content/EngineMaterials/BaseFlattenGrayscaleMap.uasset" 172
"../../../Engine/Content/EngineMaterials/BaseFlattenGrayscaleMap.uexp" 173
"../../../Engine/Content/EngineMaterials/BaseFlattenEmissiveMap.uasset" 174
"../../../Engine/Content/EngineMaterials/BaseFlattenEmissiveMap.uexp" 175
"../../../Engine/Content/EngineMaterials/BaseFlattenDiffuseMap.uasset" 176
"../../../Engine/Content/EngineMaterials/BaseFlattenDiffuseMap.uexp" 177
"../../../Engine/Content/EngineMaterials/BaseFlattenMaterial.uasset" 178
"../../../Engine/Content/EngineMaterials/BaseFlattenMaterial.uexp" 179
"../../../Engine/Content/EngineMaterials/BlueNoise.uasset" 180
"../../../Engine/Content/EngineMaterials/BlueNoise.uexp" 181
"../../../Engine/Content/EngineMaterials/DefaultBloomKernel.uasset" 182
"../../../Engine/Content/EngineMaterials/DefaultBloomKernel.uexp" 183
"../../../Engine/Content/EngineMaterials/DefaultBokeh.uasset" 184
"../../../Engine/Content/EngineMaterials/DefaultBokeh.uexp" 185
"../../../Engine/Content/EngineMaterials/DefaultDiffuse.uasset" 186
"../../../Engine/Content/EngineMaterials/DefaultDiffuse.uexp" 187
"../../../Engine/Content/EngineMaterials/DefaultDiffuse.ubulk" 188
"../../../Engine/Content/EngineMaterials/DefaultDeferredDecalMaterial.uasset" 189
"../../../Engine/Content/EngineMaterials/DefaultDeferredDecalMaterial.uexp" 190
"../../../Engine/Content/EngineMaterials/DefaultLightFunctionMaterial.uasset" 191
"../../../Engine/Content/EngineMaterials/DefaultLightFunctionMaterial.uexp" 192
"../../../Engine/Content/EngineMaterials/DefaultPhysicalMaterial.uasset" 193
"../../../Engine/Content/EngineMaterials/DefaultPhysicalMaterial.uexp" 194
"../../../Engine/Content/EngineMaterials/DefaultPostProcessMaterial.uasset" 195
"../../../Engine/Content/EngineMaterials/DefaultPostProcessMaterial.uexp" 196
"../../../Engine/Content/EngineFonts/RobotoDistanceField.uasset" 197
"../../../Engine/Content/EngineFonts/RobotoDistanceField.uexp" 198
"../../../Engine/Content/EngineMaterials/DefaultTextMaterialOpaque.uasset" 199
"../../../Engine/Content/EngineMaterials/DefaultTextMaterialOpaque.uexp" 200
"../../../Engine/Content/EngineMaterials/DefaultWhiteGrid.uasset" 201
"../../../Engine/Content/EngineMaterials/DefaultWhiteGrid.uexp" 202
"../../../Engine/Content/EngineMaterials/DefaultWhiteGrid.ubulk" 203
"../../../Engine/Content/EngineMaterials/DefaultWhiteGrid_Low.uasset" 204
"../../../Engine/Content/EngineMaterials/DefaultWhiteGrid_Low.uexp" 205
"../../../Engine/Content/EngineMaterials/EmissiveMeshMaterial.uasset" 206
"../../../Engine/Content/EngineMaterials/EmissiveMeshMaterial.uexp" 207
"../../../Engine/Content/EngineMaterials/GizmoMaterial.uasset" 208
"../../../Engine/Content/EngineMaterials/GizmoMaterial.uexp" 209
"../../../Engine/Content/EngineMaterials/Good64x64TilingNoiseHighFreq.uasset" 210
"../../../Engine/Content/EngineMaterials/Good64x64TilingNoiseHighFreq.uexp" 211
"../../../Engine/Content/EngineMaterials/MiniFont.uasset" 212
"../../../Engine/Content/EngineMaterials/MiniFont.uexp" 213
"../../../Engine/Content/EngineMaterials/InvalidLightmapSettings.uasset" 214
"../../../Engine/Content/EngineMaterials/InvalidLightmapSettings.uexp" 215
"../../../Engine/Content/EngineMaterials/InvalidLightmapSettings.ubulk" 216
"../../../Engine/Content/EngineMaterials/M_InvalidLightmapSettings.uasset" 217
"../../../Engine/Content/EngineMaterials/M_InvalidLightmapSettings.uexp" 218
"../../../Engine/Content/Functions/Engine_MaterialFunctions02/WorldPositionOffset/CameraOffset.uasset" 219
"../../../Engine/Content/Functions/Engine_MaterialFunctions02/WorldPositionOffset/CameraOffset.uexp" 220
"../../../Engine/Content/EngineMaterials/PhAT_JointLimitMaterial.uasset" 221
"../../../Engine/Content/EngineMaterials/PhAT_JointLimitMaterial.uexp" 222
"../../../Engine/Content/EngineMaterials/DefaultCalibrationColor.uasset" 223
"../../../Engine/Content/EngineMaterials/DefaultCalibrationColor.uexp" 224
"../../../Engine/Content/EngineMaterials/PPM_DefaultCalibrationColor.uasset" 225
"../../../Engine/Content/EngineMaterials/PPM_DefaultCalibrationColor.uexp" 226
"../../../Engine/Content/EngineMaterials/DefaultCalibrationGrayscale.uasset" 227
"../../../Engine/Content/EngineMaterials/DefaultCalibrationGrayscale.uexp" 228
"../../../Engine/Content/EngineMaterials/PPM_DefaultCalibrationGrayscale.uasset" 229
"../../../Engine/Content/EngineMaterials/PPM_DefaultCalibrationGrayscale.uexp" 230
"../../../Engine/Content/EngineMaterials/PreintegratedSkinBRDF.uasset" 231
"../../../Engine/Content/EngineMaterials/PreintegratedSkinBRDF.uexp" 232
"../../../Engine/Content/EngineMaterials/RemoveSurfaceMaterial.uasset" 233
"../../../Engine/Content/EngineMaterials/RemoveSurfaceMaterial.uexp" 234
"../../../Engine/Content/EngineMaterials/WeightMapPlaceholderTexture.uasset" 235
"../../../Engine/Content/EngineMaterials/WeightMapPlaceholderTexture.uexp" 236
"../../../Engine/Content/EngineResources/WhiteSquareTexture.uasset" 237
"../../../Engine/Content/EngineResources/WhiteSquareTexture.uexp" 238
"../../../Engine/Content/EngineMaterials/Widget3DPassThrough.uasset" 239
"../../../Engine/Content/EngineMaterials/Widget3DPassThrough.uexp" 240
"../../../Engine/Content/EngineMaterials/Widget3DPassThrough_Masked.uasset" 241
"../../../Engine/Content/EngineMaterials/Widget3DPassThrough_Masked.uexp" 242
"../../../Engine/Content/EngineMaterials/Widget3DPassThrough_Opaque.uasset" 243
"../../../Engine/Content/EngineMaterials/Widget3DPassThrough_Opaque.uexp" 244
"../../../Engine/Content/EngineMaterials/Widget3DPassThrough_Masked_OneSided.uasset" 245
"../../../Engine/Content/EngineMaterials/Widget3DPassThrough_Masked_OneSided.uexp" 246
"../../../Engine/Content/EngineMaterials/Widget3DPassThrough_Opaque_OneSided.uasset" 247
"../../../Engine/Content/EngineMaterials/Widget3DPassThrough_Opaque_OneSided.uexp" 248
"../../../Engine/Content/EngineMaterials/Widget3DPassThrough_Translucent.uasset" 249
"../../../Engine/Content/EngineMaterials/Widget3DPassThrough_Translucent.uexp" 250
"../../../Engine/Content/EngineMaterials/Widget3DPassThrough_Translucent_OneSided.uasset" 251
"../../../Engine/Content/EngineMaterials/Widget3DPassThrough_Translucent_OneSided.uexp" 252
"../../../Engine/Content/EngineMeshes/Cylinder.uasset" 253
"../../../Engine/Content/EngineMeshes/Cylinder.uexp" 254
"../../../Engine/Content/EngineMeshes/Sphere.uasset" 255
"../../../Engine/Content/EngineMeshes/Sphere.uexp" 256
"../../../Engine/Content/EngineResources/DefaultTexture.uasset" 257
"../../../Engine/Content/EngineResources/DefaultTexture.uexp" 258
"../../../Engine/Content/EngineResources/DefaultTexture.ubulk" 259
"../../../Engine/Content/EngineResources/DefaultTextureCube.uasset" 260
"../../../Engine/Content/EngineResources/DefaultTextureCube.uexp" 261
"../../../Engine/Content/EngineResources/DefaultVolumeTexture2D.uasset" 262
"../../../Engine/Content/EngineResources/DefaultVolumeTexture2D.uexp" 263
"../../../Engine/Content/EngineResources/DefaultVolumeTexture.uasset" 264
"../../../Engine/Content/EngineResources/DefaultVolumeTexture.uexp" 265
"../../../Engine/Content/EngineResources/GradientTexture0.uasset" 266
"../../../Engine/Content/EngineResources/GradientTexture0.uexp" 267
"../../../Engine/Content/EngineSky/VolumetricClouds/T_NoiseShape64.uasset" 268
"../../../Engine/Content/EngineSky/VolumetricClouds/T_NoiseShape64.uexp" 269
"../../../Engine/Content/EngineSky/VolumetricClouds/T_NoiseShape64.ubulk" 270
"../../../Engine/Content/EngineSky/VolumetricClouds/T_VolumeNoiseShape64.uasset" 271
"../../../Engine/Content/EngineSky/VolumetricClouds/T_VolumeNoiseShape64.uexp" 272
"../../../Engine/Content/EngineSky/VolumetricClouds/T_NoiseErosion.uasset" 273
"../../../Engine/Content/EngineSky/VolumetricClouds/T_NoiseErosion.uexp" 274
"../../../Engine/Content/EngineSky/VolumetricClouds/T_NoiseErosion.ubulk" 275
"../../../Engine/Content/EngineSky/VolumetricClouds/T_VolumeNoiseErosion32.uasset" 276
"../../../Engine/Content/EngineSky/VolumetricClouds/T_VolumeNoiseErosion32.uexp" 277
"../../../Engine/Content/EngineSky/VolumetricClouds/CloudWeatherTexture.uasset" 278
"../../../Engine/Content/EngineSky/VolumetricClouds/CloudWeatherTexture.uexp" 279
"../../../Engine/Content/EngineSky/VolumetricClouds/CloudGradientTexture.uasset" 280
"../../../Engine/Content/EngineSky/VolumetricClouds/CloudGradientTexture.uexp" 281
"../../../Engine/Content/Functions/Engine_MaterialFunctions02/Utility/MakeFloat2.uasset" 282
"../../../Engine/Content/Functions/Engine_MaterialFunctions02/Utility/MakeFloat2.uexp" 283
"../../../Engine/Content/EngineSky/VolumetricClouds/m_SimpleVolumetricCloud.uasset" 284
"../../../Engine/Content/EngineSky/VolumetricClouds/m_SimpleVolumetricCloud.uexp" 285
"../../../Engine/Content/EngineSky/VolumetricClouds/m_SimpleVolumetricCloud_Inst.uasset" 286
"../../../Engine/Content/EngineSky/VolumetricClouds/m_SimpleVolumetricCloud_Inst.uexp" 287
"../../../Engine/Content/EngineSounds/Master.uasset" 288
"../../../Engine/Content/EngineSounds/Master.uexp" 289
"../../../Engine/Content/Functions/Engine_MaterialFunctions01/Shading/PowerToRoughness.uasset" 290
"../../../Engine/Content/Functions/Engine_MaterialFunctions01/Shading/PowerToRoughness.uexp" 291
"../../../Engine/Content/Maps/Templates/Thumbnails/Default.uasset" 292
"../../../Engine/Content/Maps/Templates/Thumbnails/Default.uexp" 293
"../../../Engine/Content/Maps/Templates/Thumbnails/TimeOfDay.uasset" 294
"../../../Engine/Content/Maps/Templates/Thumbnails/TimeOfDay.uexp" 295
"../../../Engine/Content/Maps/Templates/Thumbnails/VR-Basic.uasset" 296
"../../../Engine/Content/Maps/Templates/Thumbnails/VR-Basic.uexp" 297
"../../../Engine/Content/MobileResources/T_MobileControls_texture.uasset" 298
"../../../Engine/Content/MobileResources/T_MobileControls_texture.uexp" 299
"../../../Engine/Content/MobileResources/T_MobileMenu2.uasset" 300
"../../../Engine/Content/MobileResources/T_MobileMenu2.uexp" 301
"../../../Engine/Content/MobileResources/HUD/AnalogHat.uasset" 302
"../../../Engine/Content/MobileResources/HUD/AnalogHat.uexp" 303
"../../../Engine/Content/MobileResources/HUD/VirtualJoystick_Thumb.uasset" 304
"../../../Engine/Content/MobileResources/HUD/VirtualJoystick_Thumb.uexp" 305
"../../../Engine/Content/MobileResources/HUD/VirtualJoystick_Background.uasset" 306
"../../../Engine/Content/MobileResources/HUD/VirtualJoystick_Background.uexp" 307
"../../../Engine/Content/MobileResources/HUD/DefaultVirtualJoysticks.uasset" 308
"../../../Engine/Content/MobileResources/HUD/DefaultVirtualJoysticks.uexp" 309
"../../../Engine/Content/MobileResources/HUD/LeftVirtualJoystickOnly.uasset" 310
"../../../Engine/Content/MobileResources/HUD/LeftVirtualJoystickOnly.uexp" 311
"../../../Engine/Content/MobileResources/HUD/MobileHUDButton1_off.uasset" 312
"../../../Engine/Content/MobileResources/HUD/MobileHUDButton1_off.uexp" 313
"../../../Engine/Content/MobileResources/HUD/MobileHUDButton1_on.uasset" 314
"../../../Engine/Content/MobileResources/HUD/MobileHUDButton1_on.uexp" 315
"../../../Engine/Content/MobileResources/HUD/MobileHUDButton2_off.uasset" 316
"../../../Engine/Content/MobileResources/HUD/MobileHUDButton2_off.uexp" 317
"../../../Engine/Content/MobileResources/HUD/MobileHUDButton2_on.uasset" 318
"../../../Engine/Content/MobileResources/HUD/MobileHUDButton2_on.uexp" 319
"../../../Engine/Content/MobileResources/HUD/MobileHUDButton3.uasset" 320
"../../../Engine/Content/MobileResources/HUD/MobileHUDButton3.uexp" 321
"../../../Engine/Content/MobileResources/HUD/MobileHUDButtonFire.uasset" 322
"../../../Engine/Content/MobileResources/HUD/MobileHUDButtonFire.uexp" 323
"../../../Engine/Content/MobileResources/HUD/MobileHUDDirectionPad.uasset" 324
"../../../Engine/Content/MobileResources/HUD/MobileHUDDirectionPad.uexp" 325
"../../../Engine/Content/MobileResources/HUD/MobileHUDDirectionPad2.uasset" 326
"../../../Engine/Content/MobileResources/HUD/MobileHUDDirectionPad2.uexp" 327
"../../../Engine/Content/MobileResources/HUD/MobileHUDDirectionPad3.uasset" 328
"../../../Engine/Content/MobileResources/HUD/MobileHUDDirectionPad3.uexp" 329
"../../../Engine/Content/MobileResources/HUD/MobileHUDDirectionStick.uasset" 330
"../../../Engine/Content/MobileResources/HUD/MobileHUDDirectionStick.uexp" 331
"../../../Engine/Content/MobileResources/HUD/T_Castle_ThumbstickInner.uasset" 332
"../../../Engine/Content/MobileResources/HUD/T_Castle_ThumbstickInner.uexp" 333
"../../../Engine/Content/MobileResources/HUD/T_Castle_ThumbstickOutter.uasset" 334
"../../../Engine/Content/MobileResources/HUD/T_Castle_ThumbstickOutter.uexp" 335
"../../../Engine/Content/Tutorial/ContentIntroCurve.uasset" 336
"../../../Engine/Content/Tutorial/ContentIntroCurve.uexp" 337
"../../../Engine/Content/Tutorial/Basics/TutorialAssets/icon_tab_Levels_40x.uasset" 338
"../../../Engine/Content/Tutorial/Basics/TutorialAssets/icon_tab_Levels_40x.uexp" 339
"../../../Engine/Content/VREditor/TransformGizmo/TranslucentTransformGizmoMaterial.uasset" 340
"../../../Engine/Content/VREditor/TransformGizmo/TranslucentTransformGizmoMaterial.uexp" 341
"../../../Engine/Content/VREditor/LaserPointer/VR_LaserPower_01.uasset" 342
"../../../Engine/Content/VREditor/LaserPointer/VR_LaserPower_01.uexp" 343
"../../../Engine/Content/VREditor/LaserPointer/VR_LaserPower_01.ubulk" 344
"../../../Engine/Content/VREditor/TransformGizmo/TransformGizmoMaterial.uasset" 345
"../../../Engine/Content/VREditor/TransformGizmo/TransformGizmoMaterial.uexp" 346
"../../../Engine/Content/VREditor/TransformGizmo/BoundingBoxCorner.uasset" 347
"../../../Engine/Content/VREditor/TransformGizmo/BoundingBoxCorner.uexp" 348
"../../../Engine/Content/VREditor/TransformGizmo/BoundingBoxEdge.uasset" 349
"../../../Engine/Content/VREditor/TransformGizmo/BoundingBoxEdge.uexp" 350
"../../../Engine/Content/VREditor/TransformGizmo/PlaneTranslationHandle.uasset" 351
"../../../Engine/Content/VREditor/TransformGizmo/PlaneTranslationHandle.uexp" 352
"../../../Engine/Content/VREditor/TransformGizmo/Xray.uasset" 353
"../../../Engine/Content/VREditor/TransformGizmo/Xray.uexp" 354
"../../../Engine/Content/VREditor/TransformGizmo/Main.uasset" 355
"../../../Engine/Content/VREditor/TransformGizmo/Main.uexp" 356
"../../../Engine/Content/VREditor/TransformGizmo/SM_Sequencer_Key.uasset" 357
"../../../Engine/Content/VREditor/TransformGizmo/SM_Sequencer_Key.uexp" 358
"../../../Engine/Content/VREditor/TransformGizmo/SM_Sequencer_Node.uasset" 359
"../../../Engine/Content/VREditor/TransformGizmo/SM_Sequencer_Node.uexp" 360
"../../../Engine/Plugins/2D/Paper2D/Content/PlaceholderTextures/DummySpriteTexture.uasset" 361
"../../../Engine/Plugins/2D/Paper2D/Content/PlaceholderTextures/DummySpriteTexture.uexp" 362
"../../../Engine/Plugins/2D/Paper2D/Content/PlaceholderTextures/DummySpriteTexture.ubulk" 363
"../../../Engine/Plugins/2D/Paper2D/Content/DummySprite.uasset" 364
"../../../Engine/Plugins/2D/Paper2D/Content/DummySprite.uexp" 365
"../../../Engine/Plugins/2D/Paper2D/Content/DefaultPaperTerrainMaterial.uasset" 366
"../../../Engine/Plugins/2D/Paper2D/Content/DefaultPaperTerrainMaterial.uexp" 367
"../../../Engine/Plugins/2D/Paper2D/Content/DefaultSpriteMaterial.uasset" 368
"../../../Engine/Plugins/2D/Paper2D/Content/DefaultSpriteMaterial.uexp" 369
"../../../Engine/Plugins/2D/Paper2D/Content/MaskedUnlitSpriteMaterial.uasset" 370
"../../../Engine/Plugins/2D/Paper2D/Content/MaskedUnlitSpriteMaterial.uexp" 371
"../../../Engine/Plugins/2D/Paper2D/Content/OpaqueUnlitSpriteMaterial.uasset" 372
"../../../Engine/Plugins/2D/Paper2D/Content/OpaqueUnlitSpriteMaterial.uexp" 373
"../../../Engine/Plugins/Editor/SpeedTreeImporter/Content/SpeedTree9/UnpackInteger3.uasset" 374
"../../../Engine/Plugins/Editor/SpeedTreeImporter/Content/SpeedTree9/UnpackInteger3.uexp" 375
"../../../Engine/Plugins/Editor/SpeedTreeImporter/Content/SpeedTree9/UnpackDirection.uasset" 376
"../../../Engine/Plugins/Editor/SpeedTreeImporter/Content/SpeedTree9/UnpackDirection.uexp" 377
"../../../Engine/Plugins/Editor/SpeedTreeImporter/Content/SpeedTree9/game_wind_noise.uasset" 378
"../../../Engine/Plugins/Editor/SpeedTreeImporter/Content/SpeedTree9/game_wind_noise.uexp" 379
"../../../Engine/Plugins/Editor/SpeedTreeImporter/Content/SpeedTree9/game_wind_noise.ubulk" 380
"../../../Engine/Plugins/Editor/SpeedTreeImporter/Content/SpeedTree9/SpeedTreeWindMotion.uasset" 381
"../../../Engine/Plugins/Editor/SpeedTreeImporter/Content/SpeedTree9/SpeedTreeWindMotion.uexp" 382
"../../../Engine/Plugins/Editor/SpeedTreeImporter/Content/SpeedTree9/SpeedTreeBranchMotion.uasset" 383
"../../../Engine/Plugins/Editor/SpeedTreeImporter/Content/SpeedTree9/SpeedTreeBranchMotion.uexp" 384
"../../../Engine/Content/Functions/Engine_MaterialFunctions02/ObjectLocalBounds.uasset" 385
"../../../Engine/Content/Functions/Engine_MaterialFunctions02/ObjectLocalBounds.uexp" 386
"../../../Engine/Content/Functions/Engine_MaterialFunctions02/UVs/BoundingBoxBased_0-1_UVW.uasset" 387
"../../../Engine/Content/Functions/Engine_MaterialFunctions02/UVs/BoundingBoxBased_0-1_UVW.uexp" 388
"../../../Engine/Content/Functions/Engine_MaterialFunctions02/Utility/VectorLength.uasset" 389
"../../../Engine/Content/Functions/Engine_MaterialFunctions02/Utility/VectorLength.uexp" 390
"../../../Engine/Content/Functions/Engine_MaterialFunctions02/WorldPositionOffset/ObjectScale.uasset" 391
"../../../Engine/Content/Functions/Engine_MaterialFunctions02/WorldPositionOffset/ObjectScale.uexp" 392
"../../../Engine/Plugins/Editor/SpeedTreeImporter/Content/SpeedTree9/SpeedTreeWind.uasset" 393
"../../../Engine/Plugins/Editor/SpeedTreeImporter/Content/SpeedTree9/SpeedTreeWind.uexp" 394
"../../../Engine/Plugins/Editor/SpeedTreeImporter/Content/SpeedTree9/SpeedTreeBillboard.uasset" 395
"../../../Engine/Plugins/Editor/SpeedTreeImporter/Content/SpeedTree9/SpeedTreeBillboard.uexp" 396
"../../../Engine/Plugins/Editor/SpeedTreeImporter/Content/SpeedTree9/EmptyNormal.uasset" 397
"../../../Engine/Plugins/Editor/SpeedTreeImporter/Content/SpeedTree9/EmptyNormal.uexp" 398
"../../../Engine/Plugins/Editor/SpeedTreeImporter/Content/SpeedTree9/Empty.uasset" 399
"../../../Engine/Plugins/Editor/SpeedTreeImporter/Content/SpeedTree9/Empty.uexp" 400
"../../../Engine/Plugins/Editor/SpeedTreeImporter/Content/SpeedTree9/SpeedTreeBillboardMaster.uasset" 401
"../../../Engine/Plugins/Editor/SpeedTreeImporter/Content/SpeedTree9/SpeedTreeBillboardMaster.uexp" 402
"../../../Engine/Plugins/Editor/SpeedTreeImporter/Content/SpeedTree9/SpeedTreeCameraFacing.uasset" 403
"../../../Engine/Plugins/Editor/SpeedTreeImporter/Content/SpeedTree9/SpeedTreeCameraFacing.uexp" 404
"../../../Engine/Plugins/Editor/SpeedTreeImporter/Content/SpeedTree9/SpeedTreeMaster.uasset" 405
"../../../Engine/Plugins/Editor/SpeedTreeImporter/Content/SpeedTree9/SpeedTreeMaster.uexp" 406
"../../../Engine/Content/BasicShapes/Cylinder.uasset" 407
"../../../Engine/Content/BasicShapes/Cylinder.uexp" 408
"../../../Engine/Content/ArtTools/RenderToTexture/Materials/Debug/M_Emissive_Color.uasset" 409
"../../../Engine/Content/ArtTools/RenderToTexture/Materials/Debug/M_Emissive_Color.uexp" 410
"../../../Engine/Plugins/Lumin/MagicLeapPassableWorld/Content/MagicLeapARPinInfoActor.uasset" 411
"../../../Engine/Plugins/Lumin/MagicLeapPassableWorld/Content/MagicLeapARPinInfoActor.uexp" 412
"../../../Engine/Plugins/Runtime/HairStrands/Content/Materials/HairCardsDefaultMaterial.uasset" 413
"../../../Engine/Plugins/Runtime/HairStrands/Content/Materials/HairCardsDefaultMaterial.uexp" 414
"../../../Engine/Content/EngineMaterials/HairDebugColor.uasset" 415
"../../../Engine/Content/EngineMaterials/HairDebugColor.uexp" 416
"../../../Engine/Content/EngineMaterials/HairColorMap.uasset" 417
"../../../Engine/Content/EngineMaterials/HairColorMap.uexp" 418
"../../../Engine/Plugins/Runtime/HairStrands/Content/Materials/HairDebugMaterial.uasset" 419
"../../../Engine/Plugins/Runtime/HairStrands/Content/Materials/HairDebugMaterial.uexp" 420
"../../../Engine/Plugins/Runtime/HairStrands/Content/Materials/HairDefaultMaterial.uasset" 421
"../../../Engine/Plugins/Runtime/HairStrands/Content/Materials/HairDefaultMaterial.uexp" 422
"../../../Engine/Plugins/Runtime/HairStrands/Content/Materials/HairMeshesDefaultMaterial.uasset" 423
"../../../Engine/Plugins/Runtime/HairStrands/Content/Materials/HairMeshesDefaultMaterial.uexp" 424
"../../../Engine/Plugins/Runtime/OpenXR/Content/Devices/GoogleDaydream/MRTexture.uasset" 425
"../../../Engine/Plugins/Runtime/OpenXR/Content/Devices/GoogleDaydream/MRTexture.uexp" 426
"../../../Engine/Plugins/Runtime/OpenXR/Content/Devices/GoogleDaydream/MRTexture.ubulk" 427
"../../../Engine/Plugins/Runtime/OpenXR/Content/Devices/GoogleDaydream/BaseTexture.uasset" 428
"../../../Engine/Plugins/Runtime/OpenXR/Content/Devices/GoogleDaydream/BaseTexture.uexp" 429
"../../../Engine/Plugins/Runtime/OpenXR/Content/Devices/GoogleDaydream/BaseTexture.ubulk" 430
"../../../Engine/Content/EngineResources/Black.uasset" 431
"../../../Engine/Content/EngineResources/Black.uexp" 432
"../../../Engine/Plugins/Runtime/OpenXR/Content/Devices/M_XRController.uasset" 433
"../../../Engine/Plugins/Runtime/OpenXR/Content/Devices/M_XRController.uexp" 434
"../../../Engine/Plugins/Runtime/OpenXR/Content/Devices/GoogleDaydream/MI_GoogleDaydream.uasset" 435
"../../../Engine/Plugins/Runtime/OpenXR/Content/Devices/GoogleDaydream/MI_GoogleDaydream.uexp" 436
"../../../Engine/Plugins/Runtime/OpenXR/Content/Devices/GoogleDaydream/GoogleDaydreamController.uasset" 437
"../../../Engine/Plugins/Runtime/OpenXR/Content/Devices/GoogleDaydream/GoogleDaydreamController.uexp" 438
"../../../Engine/Plugins/Runtime/OpenXR/Content/Devices/HTCVive/BaseTexture.uasset" 439
"../../../Engine/Plugins/Runtime/OpenXR/Content/Devices/HTCVive/BaseTexture.uexp" 440
"../../../Engine/Plugins/Runtime/OpenXR/Content/Devices/HTCVive/BaseTexture.ubulk" 441
"../../../Engine/Plugins/Runtime/OpenXR/Content/Devices/HTCVive/MI_HTCVive.uasset" 442
"../../../Engine/Plugins/Runtime/OpenXR/Content/Devices/HTCVive/MI_HTCVive.uexp" 443
"../../../Engine/Plugins/Runtime/OpenXR/Content/Devices/HTCVive/HTCViveController.uasset" 444
"../../../Engine/Plugins/Runtime/OpenXR/Content/Devices/HTCVive/HTCViveController.uexp" 445
"../../../Engine/Plugins/Runtime/OpenXR/Content/Devices/MicrosoftMixedReality/NormalTexture.uasset" 446
"../../../Engine/Plugins/Runtime/OpenXR/Content/Devices/MicrosoftMixedReality/NormalTexture.uexp" 447
"../../../Engine/Plugins/Runtime/OpenXR/Content/Devices/MicrosoftMixedReality/NormalTexture.ubulk" 448
"../../../Engine/Plugins/Runtime/OpenXR/Content/Devices/MicrosoftMixedReality/MRTexture.uasset" 449
"../../../Engine/Plugins/Runtime/OpenXR/Content/Devices/MicrosoftMixedReality/MRTexture.uexp" 450
"../../../Engine/Plugins/Runtime/OpenXR/Content/Devices/MicrosoftMixedReality/MRTexture.ubulk" 451
"../../../Engine/Plugins/Runtime/OpenXR/Content/Devices/MicrosoftMixedReality/EmissiveTexture.uasset" 452
"../../../Engine/Plugins/Runtime/OpenXR/Content/Devices/MicrosoftMixedReality/EmissiveTexture.uexp" 453
"../../../Engine/Plugins/Runtime/OpenXR/Content/Devices/MicrosoftMixedReality/EmissiveTexture.ubulk" 454
"../../../Engine/Plugins/Runtime/OpenXR/Content/Devices/MicrosoftMixedReality/BaseTexture.uasset" 455
"../../../Engine/Plugins/Runtime/OpenXR/Content/Devices/MicrosoftMixedReality/BaseTexture.uexp" 456
"../../../Engine/Plugins/Runtime/OpenXR/Content/Devices/MicrosoftMixedReality/BaseTexture.ubulk" 457
"../../../Engine/Plugins/Runtime/OpenXR/Content/Devices/MicrosoftMixedReality/MI_MicrosoftMixedReality.uasset" 458
"../../../Engine/Plugins/Runtime/OpenXR/Content/Devices/MicrosoftMixedReality/MI_MicrosoftMixedReality.uexp" 459
"../../../Engine/Plugins/Runtime/OpenXR/Content/Devices/MicrosoftMixedReality/Left/left_MicrosoftMixedRealityController.uasset" 460
"../../../Engine/Plugins/Runtime/OpenXR/Content/Devices/MicrosoftMixedReality/Left/left_MicrosoftMixedRealityController.uexp" 461
"../../../Engine/Plugins/Runtime/OpenXR/Content/Devices/MicrosoftMixedReality/Right/right_MicrosoftMixedRealityController.uasset" 462
"../../../Engine/Plugins/Runtime/OpenXR/Content/Devices/MicrosoftMixedReality/Right/right_MicrosoftMixedRealityController.uexp" 463
"../../../Engine/Plugins/Runtime/OpenXR/Content/Devices/OculusGo/BaseTexture.uasset" 464
"../../../Engine/Plugins/Runtime/OpenXR/Content/Devices/OculusGo/BaseTexture.uexp" 465
"../../../Engine/Plugins/Runtime/OpenXR/Content/Devices/OculusGo/BaseTexture.ubulk" 466
"../../../Engine/Plugins/Runtime/OpenXR/Content/Devices/OculusGo/MI_OculusGo.uasset" 467
"../../../Engine/Plugins/Runtime/OpenXR/Content/Devices/OculusGo/MI_OculusGo.uexp" 468
"../../../Engine/Plugins/Runtime/OpenXR/Content/Devices/OculusGo/OculusGoController.uasset" 469
"../../../Engine/Plugins/Runtime/OpenXR/Content/Devices/OculusGo/OculusGoController.uexp" 470
"../../../Engine/Plugins/Runtime/OpenXR/Content/Devices/OculusTouch/MRTexture.uasset" 471
"../../../Engine/Plugins/Runtime/OpenXR/Content/Devices/OculusTouch/MRTexture.uexp" 472
"../../../Engine/Plugins/Runtime/OpenXR/Content/Devices/OculusTouch/MRTexture.ubulk" 473
"../../../Engine/Plugins/Runtime/OpenXR/Content/Devices/OculusTouch/BaseTexture.uasset" 474
"../../../Engine/Plugins/Runtime/OpenXR/Content/Devices/OculusTouch/BaseTexture.uexp" 475
"../../../Engine/Plugins/Runtime/OpenXR/Content/Devices/OculusTouch/BaseTexture.ubulk" 476
"../../../Engine/Plugins/Runtime/OpenXR/Content/Devices/OculusTouch/MI_OculusTouch.uasset" 477
"../../../Engine/Plugins/Runtime/OpenXR/Content/Devices/OculusTouch/MI_OculusTouch.uexp" 478
"../../../Engine/Plugins/Runtime/OpenXR/Content/Devices/OculusTouch/Left/left_OculusTouchController.uasset" 479
"../../../Engine/Plugins/Runtime/OpenXR/Content/Devices/OculusTouch/Left/left_OculusTouchController.uexp" 480
"../../../Engine/Plugins/Runtime/OpenXR/Content/Devices/OculusTouch/Right/right_OculusTouchController.uasset" 481
"../../../Engine/Plugins/Runtime/OpenXR/Content/Devices/OculusTouch/Right/right_OculusTouchController.uexp" 482
"../../../Engine/Plugins/Runtime/OpenXR/Content/Devices/OculusTouch_v2/MRTexture.uasset" 483
"../../../Engine/Plugins/Runtime/OpenXR/Content/Devices/OculusTouch_v2/MRTexture.uexp" 484
"../../../Engine/Plugins/Runtime/OpenXR/Content/Devices/OculusTouch_v2/MRTexture.ubulk" 485
"../../../Engine/Plugins/Runtime/OpenXR/Content/Devices/OculusTouch_v2/BaseTexture.uasset" 486
"../../../Engine/Plugins/Runtime/OpenXR/Content/Devices/OculusTouch_v2/BaseTexture.uexp" 487
"../../../Engine/Plugins/Runtime/OpenXR/Content/Devices/OculusTouch_v2/BaseTexture.ubulk" 488
"../../../Engine/Plugins/Runtime/OpenXR/Content/Devices/OculusTouch_v2/MI_OculusTouch_v2.uasset" 489
"../../../Engine/Plugins/Runtime/OpenXR/Content/Devices/OculusTouch_v2/MI_OculusTouch_v2.uexp" 490
"../../../Engine/Plugins/Runtime/OpenXR/Content/Devices/OculusTouch_v2/Left/left_OculusTouch_v2Controller.uasset" 491
"../../../Engine/Plugins/Runtime/OpenXR/Content/Devices/OculusTouch_v2/Left/left_OculusTouch_v2Controller.uexp" 492
"../../../Engine/Plugins/Runtime/OpenXR/Content/Devices/OculusTouch_v2/Right/right_OculusTouch_v2Controller.uasset" 493
"../../../Engine/Plugins/Runtime/OpenXR/Content/Devices/OculusTouch_v2/Right/right_OculusTouch_v2Controller.uexp" 494
"../../../Engine/Plugins/Runtime/OpenXR/Content/Devices/OculusTouch_v3/MRTexture.uasset" 495
"../../../Engine/Plugins/Runtime/OpenXR/Content/Devices/OculusTouch_v3/MRTexture.uexp" 496
"../../../Engine/Plugins/Runtime/OpenXR/Content/Devices/OculusTouch_v3/MRTexture.ubulk" 497
"../../../Engine/Plugins/Runtime/OpenXR/Content/Devices/OculusTouch_v3/BaseTexture.uasset" 498
"../../../Engine/Plugins/Runtime/OpenXR/Content/Devices/OculusTouch_v3/BaseTexture.uexp" 499
"../../../Engine/Plugins/Runtime/OpenXR/Content/Devices/OculusTouch_v3/BaseTexture.ubulk" 500
"../../../Engine/Plugins/Runtime/OpenXR/Content/Devices/OculusTouch_v3/MI_OculusTouch_v3.uasset" 501
"../../../Engine/Plugins/Runtime/OpenXR/Content/Devices/OculusTouch_v3/MI_OculusTouch_v3.uexp" 502
"../../../Engine/Plugins/Runtime/OpenXR/Content/Devices/OculusTouch_v3/Left/left_OculusTouch_v3Controller.uasset" 503
"../../../Engine/Plugins/Runtime/OpenXR/Content/Devices/OculusTouch_v3/Left/left_OculusTouch_v3Controller.uexp" 504
"../../../Engine/Plugins/Runtime/OpenXR/Content/Devices/OculusTouch_v3/Right/right_OculusTouch_v3Controller.uasset" 505
"../../../Engine/Plugins/Runtime/OpenXR/Content/Devices/OculusTouch_v3/Right/right_OculusTouch_v3Controller.uexp" 506
"../../../Engine/Plugins/Runtime/OpenXR/Content/Devices/ValveIndex/MRTexture.uasset" 507
"../../../Engine/Plugins/Runtime/OpenXR/Content/Devices/ValveIndex/MRTexture.uexp" 508
"../../../Engine/Plugins/Runtime/OpenXR/Content/Devices/ValveIndex/MRTexture.ubulk" 509
"../../../Engine/Plugins/Runtime/OpenXR/Content/Devices/ValveIndex/BaseTexture.uasset" 510
"../../../Engine/Plugins/Runtime/OpenXR/Content/Devices/ValveIndex/BaseTexture.uexp" 511
"../../../Engine/Plugins/Runtime/OpenXR/Content/Devices/ValveIndex/BaseTexture.ubulk" 512
"../../../Engine/Plugins/Runtime/OpenXR/Content/Devices/ValveIndex/Left/MI_left_ValveIndex.uasset" 513
"../../../Engine/Plugins/Runtime/OpenXR/Content/Devices/ValveIndex/Left/MI_left_ValveIndex.uexp" 514
"../../../Engine/Plugins/Runtime/OpenXR/Content/Devices/ValveIndex/Left/left_ValveIndexController.uasset" 515
"../../../Engine/Plugins/Runtime/OpenXR/Content/Devices/ValveIndex/Left/left_ValveIndexController.uexp" 516
"../../../Engine/Plugins/Runtime/OpenXR/Content/Devices/ValveIndex/Right/MI_right_ValveIndex.uasset" 517
"../../../Engine/Plugins/Runtime/OpenXR/Content/Devices/ValveIndex/Right/MI_right_ValveIndex.uexp" 518
"../../../Engine/Plugins/Runtime/OpenXR/Content/Devices/ValveIndex/Right/right_ValveIndexController.uasset" 519
"../../../Engine/Plugins/Runtime/OpenXR/Content/Devices/ValveIndex/Right/right_ValveIndexController.uexp" 520
"../../../Engine/Content/Functions/Engine_MaterialFunctions02/Utility/BreakOutFloat4Components.uasset" 521
"../../../Engine/Content/Functions/Engine_MaterialFunctions02/Utility/BreakOutFloat4Components.uexp" 522
"../../../Engine/Plugins/Runtime/Oculus/OculusVR/Content/Materials/OculusMR_ChromaKey.uasset" 523
"../../../Engine/Plugins/Runtime/Oculus/OculusVR/Content/Materials/OculusMR_ChromaKey.uexp" 524
"../../../Engine/Plugins/Runtime/Oculus/OculusVR/Content/Materials/OculusMR_OpaqueColoredMaterial.uasset" 525
"../../../Engine/Plugins/Runtime/Oculus/OculusVR/Content/Materials/OculusMR_OpaqueColoredMaterial.uexp" 526
"../../../Engine/Plugins/Runtime/Oculus/OculusVR/Content/Materials/PokeAHoleMaterial.uasset" 527
"../../../Engine/Plugins/Runtime/Oculus/OculusVR/Content/Materials/PokeAHoleMaterial.uexp" 528
"../../../Engine/Plugins/Runtime/Oculus/OculusVR/Content/Textures/touchController_controlmap.uasset" 529
"../../../Engine/Plugins/Runtime/Oculus/OculusVR/Content/Textures/touchController_controlmap.uexp" 530
"../../../Engine/Plugins/Runtime/Oculus/OculusVR/Content/Textures/touchController_controlmap.ubulk" 531
"../../../Engine/Plugins/Runtime/Oculus/OculusVR/Content/Textures/touchController_albedo.uasset" 532
"../../../Engine/Plugins/Runtime/Oculus/OculusVR/Content/Textures/touchController_albedo.uexp" 533
"../../../Engine/Plugins/Runtime/Oculus/OculusVR/Content/Textures/touchController_albedo.ubulk" 534
"../../../Engine/Plugins/Runtime/Oculus/OculusVR/Content/Materials/touchController_mat.uasset" 535
"../../../Engine/Plugins/Runtime/Oculus/OculusVR/Content/Materials/touchController_mat.uexp" 536
"../../../Engine/Plugins/Runtime/Oculus/OculusVR/Content/Meshes/LeftTouchController.uasset" 537
"../../../Engine/Plugins/Runtime/Oculus/OculusVR/Content/Meshes/LeftTouchController.uexp" 538
"../../../Engine/Plugins/Runtime/Oculus/OculusVR/Content/Textures/TouchForQuestRiftSController_albedo.uasset" 539
"../../../Engine/Plugins/Runtime/Oculus/OculusVR/Content/Textures/TouchForQuestRiftSController_albedo.uexp" 540
"../../../Engine/Plugins/Runtime/Oculus/OculusVR/Content/Textures/TouchForQuestRiftSController_albedo.ubulk" 541
"../../../Engine/Plugins/Runtime/Oculus/OculusVR/Content/Materials/TouchForQuestRiftSControllerMaterial.uasset" 542
"../../../Engine/Plugins/Runtime/Oculus/OculusVR/Content/Materials/TouchForQuestRiftSControllerMaterial.uexp" 543
"../../../Engine/Plugins/Runtime/Oculus/OculusVR/Content/Meshes/LeftTouchForQuestRiftSController.uasset" 544
"../../../Engine/Plugins/Runtime/Oculus/OculusVR/Content/Meshes/LeftTouchForQuestRiftSController.uexp" 545
"../../../Engine/Plugins/Runtime/Oculus/OculusVR/Content/Meshes/RiftHMD.uasset" 546
"../../../Engine/Plugins/Runtime/Oculus/OculusVR/Content/Meshes/RiftHMD.uexp" 547
"../../../Engine/Plugins/Runtime/Oculus/OculusVR/Content/Meshes/RightTouchController.uasset" 548
"../../../Engine/Plugins/Runtime/Oculus/OculusVR/Content/Meshes/RightTouchController.uexp" 549
"../../../Engine/Plugins/Runtime/Oculus/OculusVR/Content/Meshes/RightTouchForQuestRiftSController.uasset" 550
"../../../Engine/Plugins/Runtime/Oculus/OculusVR/Content/Meshes/RightTouchForQuestRiftSController.uexp" 551
"C:/UEC++/TerrorNun/Content/TerrorNun/StarterContent/Textures/T_Wood_Walnut_N.uasset" 552
"C:/UEC++/TerrorNun/Content/TerrorNun/StarterContent/Textures/T_Wood_Walnut_N.uexp" 553
"C:/UEC++/TerrorNun/Content/TerrorNun/StarterContent/Textures/T_Wood_Walnut_N.ubulk" 554
"C:/UEC++/TerrorNun/Content/TerrorNun/StarterContent/Textures/T_Wood_Walnut_D.uasset" 555
"C:/UEC++/TerrorNun/Content/TerrorNun/StarterContent/Textures/T_Wood_Walnut_D.uexp" 556
"C:/UEC++/TerrorNun/Content/TerrorNun/StarterContent/Textures/T_Wood_Walnut_D.ubulk" 557
"C:/UEC++/TerrorNun/Content/TerrorNun/StarterContent/Textures/T_MacroVariation.uasset" 558
"C:/UEC++/TerrorNun/Content/TerrorNun/StarterContent/Textures/T_MacroVariation.uexp" 559
"C:/UEC++/TerrorNun/Content/TerrorNun/StarterContent/Materials/M_Wood_Walnut.uasset" 560
"C:/UEC++/TerrorNun/Content/TerrorNun/StarterContent/Materials/M_Wood_Walnut.uexp" 561
"C:/UEC++/TerrorNun/Content/TerrorNun/StarterContent/Audio/Explosion01.uasset" 562
"C:/UEC++/TerrorNun/Content/TerrorNun/StarterContent/Audio/Explosion01.uexp" 563
"C:/UEC++/TerrorNun/Content/TerrorNun/Image/TX_Crooshair.uasset" 564
"C:/UEC++/TerrorNun/Content/TerrorNun/Image/TX_Crooshair.uexp" 565
"C:/UEC++/TerrorNun/Content/TerrorNun/Blueprints/Widgets/WBP_Crosshair.uasset" 566
"C:/UEC++/TerrorNun/Content/TerrorNun/Blueprints/Widgets/WBP_Crosshair.uexp" 567
"C:/UEC++/TerrorNun/Content/BP_MainChar.uasset" 568
"C:/UEC++/TerrorNun/Content/BP_MainChar.uexp" 569
"C:/UEC++/TerrorNun/Content/TerrorNun/Blueprints/Gamemode/BP_TerrorNunGameMode.uasset" 570
"C:/UEC++/TerrorNun/Content/TerrorNun/Blueprints/Gamemode/BP_TerrorNunGameMode.uexp" 571
"C:/UEC++/TerrorNun/Content/TerrorNun/StarterContent/Textures/T_Frame_N.uasset" 572
"C:/UEC++/TerrorNun/Content/TerrorNun/StarterContent/Textures/T_Frame_N.uexp" 573
"C:/UEC++/TerrorNun/Content/TerrorNun/StarterContent/Textures/T_Frame_N.ubulk" 574
"C:/UEC++/TerrorNun/Content/TerrorNun/StarterContent/Textures/T_Frame_M.uasset" 575
"C:/UEC++/TerrorNun/Content/TerrorNun/StarterContent/Textures/T_Frame_M.uexp" 576
"C:/UEC++/TerrorNun/Content/TerrorNun/StarterContent/Textures/T_Frame_M.ubulk" 577
"C:/UEC++/TerrorNun/Content/TerrorNun/StarterContent/Props/Materials/M_Frame.uasset" 578
"C:/UEC++/TerrorNun/Content/TerrorNun/StarterContent/Props/Materials/M_Frame.uexp" 579
"C:/UEC++/TerrorNun/Content/TerrorNun/StarterContent/Props/SM_DoorFrame.uasset" 580
"C:/UEC++/TerrorNun/Content/TerrorNun/StarterContent/Props/SM_DoorFrame.uexp" 581
"C:/UEC++/TerrorNun/Content/TerrorNun/StarterContent/Textures/T_Door_N.uasset" 582
"C:/UEC++/TerrorNun/Content/TerrorNun/StarterContent/Textures/T_Door_N.uexp" 583
"C:/UEC++/TerrorNun/Content/TerrorNun/StarterContent/Textures/T_Door_N.ubulk" 584
"C:/UEC++/TerrorNun/Content/TerrorNun/StarterContent/Textures/T_Door_M.uasset" 585
"C:/UEC++/TerrorNun/Content/TerrorNun/StarterContent/Textures/T_Door_M.uexp" 586
"C:/UEC++/TerrorNun/Content/TerrorNun/StarterContent/Textures/T_Door_M.ubulk" 587
"C:/UEC++/TerrorNun/Content/TerrorNun/StarterContent/Props/Materials/M_Door.uasset" 588
"C:/UEC++/TerrorNun/Content/TerrorNun/StarterContent/Props/Materials/M_Door.uexp" 589
"C:/UEC++/TerrorNun/Content/TerrorNun/StarterContent/Materials/M_Glass.uasset" 590
"C:/UEC++/TerrorNun/Content/TerrorNun/StarterContent/Materials/M_Glass.uexp" 591
"C:/UEC++/TerrorNun/Content/TerrorNun/StarterContent/Props/SM_Door.uasset" 592
"C:/UEC++/TerrorNun/Content/TerrorNun/StarterContent/Props/SM_Door.uexp" 593
"C:/UEC++/TerrorNun/Content/Testes/AdvancedLocomotionV4/Audio/Footsteps/ST_Att.uasset" 594
"C:/UEC++/TerrorNun/Content/Testes/AdvancedLocomotionV4/Audio/Footsteps/ST_Att.uexp" 595
"C:/UEC++/TerrorNun/Content/TerrorNun/Audio/Door/Unlock/SW_UnlockDoor.uasset" 596
"C:/UEC++/TerrorNun/Content/TerrorNun/Audio/Door/Unlock/SW_UnlockDoor.uexp" 597
"C:/UEC++/TerrorNun/Content/TerrorNun/Audio/Door/Open/SW_OpenDoor2.uasset" 598
"C:/UEC++/TerrorNun/Content/TerrorNun/Audio/Door/Open/SW_OpenDoor2.uexp" 599
"C:/UEC++/TerrorNun/Content/TerrorNun/Audio/Door/Open/SW_OpenDoor1.uasset" 600
"C:/UEC++/TerrorNun/Content/TerrorNun/Audio/Door/Open/SW_OpenDoor1.uexp" 601
"C:/UEC++/TerrorNun/Content/TerrorNun/Audio/Door/Open/CUE_OpenDoor.uasset" 602
"C:/UEC++/TerrorNun/Content/TerrorNun/Audio/Door/Open/CUE_OpenDoor.uexp" 603
"C:/UEC++/TerrorNun/Content/TerrorNun/Audio/Door/Closed/SW_CloseDoor.uasset" 604
"C:/UEC++/TerrorNun/Content/TerrorNun/Audio/Door/Closed/SW_CloseDoor.uexp" 605
"C:/UEC++/TerrorNun/Content/TerrorNun/Curves/FC_ClosedDoor.uasset" 606
"C:/UEC++/TerrorNun/Content/TerrorNun/Curves/FC_ClosedDoor.uexp" 607
"C:/UEC++/TerrorNun/Content/TerrorNun/Curves/FC_OpenDoor.uasset" 608
"C:/UEC++/TerrorNun/Content/TerrorNun/Curves/FC_OpenDoor.uexp" 609
"C:/UEC++/TerrorNun/Content/TerrorNun/Blueprints/Other/BP_Door.uasset" 610
"C:/UEC++/TerrorNun/Content/TerrorNun/Blueprints/Other/BP_Door.uexp" 611
"../../../Engine/Content/EngineSky/T_Sky_Stars.uasset" 612
"../../../Engine/Content/EngineSky/T_Sky_Stars.uexp" 613
"../../../Engine/Content/EngineSky/T_Sky_Stars.ubulk" 614
"../../../Engine/Content/EngineSky/T_Sky_Clouds_M.uasset" 615
"../../../Engine/Content/EngineSky/T_Sky_Clouds_M.uexp" 616
"../../../Engine/Content/EngineSky/T_Sky_Clouds_M.ubulk" 617
"../../../Engine/Content/EngineSky/T_Sky_Blue.uasset" 618
"../../../Engine/Content/EngineSky/T_Sky_Blue.uexp" 619
"../../../Engine/Content/EngineSky/T_Sky_Blue.ubulk" 620
"C:/UEC++/TerrorNun/Content/TerrorNun/StarterContent/Textures/T_Wood_Pine_N.uasset" 621
"C:/UEC++/TerrorNun/Content/TerrorNun/StarterContent/Textures/T_Wood_Pine_N.uexp" 622
"C:/UEC++/TerrorNun/Content/TerrorNun/StarterContent/Textures/T_Wood_Pine_N.ubulk" 623
"C:/UEC++/TerrorNun/Content/TerrorNun/StarterContent/Textures/T_Wood_Pine_D.uasset" 624
"C:/UEC++/TerrorNun/Content/TerrorNun/StarterContent/Textures/T_Wood_Pine_D.uexp" 625
"C:/UEC++/TerrorNun/Content/TerrorNun/StarterContent/Textures/T_Wood_Pine_D.ubulk" 626
"C:/UEC++/TerrorNun/Content/TerrorNun/StarterContent/Textures/T_Perlin_Noise_M.uasset" 627
"C:/UEC++/TerrorNun/Content/TerrorNun/StarterContent/Textures/T_Perlin_Noise_M.uexp" 628
"C:/UEC++/TerrorNun/Content/TerrorNun/StarterContent/Textures/T_Perlin_Noise_M.ubulk" 629
"C:/UEC++/TerrorNun/Content/TerrorNun/StarterContent/Materials/M_Wood_Pine.uasset" 630
"C:/UEC++/TerrorNun/Content/TerrorNun/StarterContent/Materials/M_Wood_Pine.uexp" 631
"../../../Engine/Content/Functions/Engine_MaterialFunctions01/Opacity/AlphaOffset.uasset" 632
"../../../Engine/Content/Functions/Engine_MaterialFunctions01/Opacity/AlphaOffset.uexp" 633
"C:/UEC++/TerrorNun/Content/TerrorNun/StarterContent/Textures/T_Wood_Floor_Walnut_N.uasset" 634
"C:/UEC++/TerrorNun/Content/TerrorNun/StarterContent/Textures/T_Wood_Floor_Walnut_N.uexp" 635
"C:/UEC++/TerrorNun/Content/TerrorNun/StarterContent/Textures/T_Wood_Floor_Walnut_N.ubulk" 636
"C:/UEC++/TerrorNun/Content/TerrorNun/StarterContent/Textures/T_Wood_Floor_Walnut_M.uasset" 637
"C:/UEC++/TerrorNun/Content/TerrorNun/StarterContent/Textures/T_Wood_Floor_Walnut_M.uexp" 638
"C:/UEC++/TerrorNun/Content/TerrorNun/StarterContent/Textures/T_Wood_Floor_Walnut_M.ubulk" 639
"C:/UEC++/TerrorNun/Content/TerrorNun/StarterContent/Textures/T_Wood_Floor_Walnut_D.uasset" 640
"C:/UEC++/TerrorNun/Content/TerrorNun/StarterContent/Textures/T_Wood_Floor_Walnut_D.uexp" 641
"C:/UEC++/TerrorNun/Content/TerrorNun/StarterContent/Textures/T_Wood_Floor_Walnut_D.ubulk" 642
"C:/UEC++/TerrorNun/Content/TerrorNun/StarterContent/Materials/M_Wood_Floor_Walnut_Worn.uasset" 643
"C:/UEC++/TerrorNun/Content/TerrorNun/StarterContent/Materials/M_Wood_Floor_Walnut_Worn.uexp" 644
"C:/UEC++/TerrorNun/Content/TerrorNun/StarterContent/Textures/T_Rock_Sandstone_N.uasset" 645
"C:/UEC++/TerrorNun/Content/TerrorNun/StarterContent/Textures/T_Rock_Sandstone_N.uexp" 646
"C:/UEC++/TerrorNun/Content/TerrorNun/StarterContent/Textures/T_Rock_Sandstone_N.ubulk" 647
"C:/UEC++/TerrorNun/Content/TerrorNun/StarterContent/Textures/T_Rock_Sandstone_D.uasset" 648
"C:/UEC++/TerrorNun/Content/TerrorNun/StarterContent/Textures/T_Rock_Sandstone_D.uexp" 649
"C:/UEC++/TerrorNun/Content/TerrorNun/StarterContent/Textures/T_Rock_Sandstone_D.ubulk" 650
"C:/UEC++/TerrorNun/Content/TerrorNun/StarterContent/Materials/M_Rock_Sandstone.uasset" 651
"C:/UEC++/TerrorNun/Content/TerrorNun/StarterContent/Materials/M_Rock_Sandstone.uexp" 652
"C:/UEC++/TerrorNun/Content/TerrorNun/StarterContent/Textures/T_Metal_Gold_N.uasset" 653
"C:/UEC++/TerrorNun/Content/TerrorNun/StarterContent/Textures/T_Metal_Gold_N.uexp" 654
"C:/UEC++/TerrorNun/Content/TerrorNun/StarterContent/Textures/T_Metal_Gold_N.ubulk" 655
"C:/UEC++/TerrorNun/Content/TerrorNun/StarterContent/Textures/T_Rock_Marble_Polished_D.uasset" 656
"C:/UEC++/TerrorNun/Content/TerrorNun/StarterContent/Textures/T_Rock_Marble_Polished_D.uexp" 657
"C:/UEC++/TerrorNun/Content/TerrorNun/StarterContent/Textures/T_Rock_Marble_Polished_D.ubulk" 658
"C:/UEC++/TerrorNun/Content/TerrorNun/StarterContent/Materials/M_Rock_Marble_Polished.uasset" 659
"C:/UEC++/TerrorNun/Content/TerrorNun/StarterContent/Materials/M_Rock_Marble_Polished.uexp" 660
"C:/UEC++/TerrorNun/Content/TerrorNun/StarterContent/Materials/M_Metal_Brushed_Nickel.uasset" 661
"C:/UEC++/TerrorNun/Content/TerrorNun/StarterContent/Materials/M_Metal_Brushed_Nickel.uexp" 662
"C:/UEC++/TerrorNun/Content/TerrorNun/StarterContent/Textures/T_Concrete_Tiles_Variation_M.uasset" 663
"C:/UEC++/TerrorNun/Content/TerrorNun/StarterContent/Textures/T_Concrete_Tiles_Variation_M.uexp" 664
"C:/UEC++/TerrorNun/Content/TerrorNun/StarterContent/Textures/T_Concrete_Tiles_Variation_M.ubulk" 665
"C:/UEC++/TerrorNun/Content/TerrorNun/StarterContent/Textures/T_Concrete_Tiles_N.uasset" 666
"C:/UEC++/TerrorNun/Content/TerrorNun/StarterContent/Textures/T_Concrete_Tiles_N.uexp" 667
"C:/UEC++/TerrorNun/Content/TerrorNun/StarterContent/Textures/T_Concrete_Tiles_N.ubulk" 668
"C:/UEC++/TerrorNun/Content/TerrorNun/StarterContent/Textures/T_Concrete_Tiles_M.uasset" 669
"C:/UEC++/TerrorNun/Content/TerrorNun/StarterContent/Textures/T_Concrete_Tiles_M.uexp" 670
"C:/UEC++/TerrorNun/Content/TerrorNun/StarterContent/Textures/T_Concrete_Tiles_M.ubulk" 671
"C:/UEC++/TerrorNun/Content/TerrorNun/StarterContent/Textures/T_Concrete_Tiles_D.uasset" 672
"C:/UEC++/TerrorNun/Content/TerrorNun/StarterContent/Textures/T_Concrete_Tiles_D.uexp" 673
"C:/UEC++/TerrorNun/Content/TerrorNun/StarterContent/Textures/T_Concrete_Tiles_D.ubulk" 674
"C:/UEC++/TerrorNun/Content/TerrorNun/StarterContent/Materials/M_Concrete_Tiles.uasset" 675
"C:/UEC++/TerrorNun/Content/TerrorNun/StarterContent/Materials/M_Concrete_Tiles.uexp" 676
"C:/UEC++/TerrorNun/Content/TerrorNun/StarterContent/Textures/T_Concrete_Panels_N.uasset" 677
"C:/UEC++/TerrorNun/Content/TerrorNun/StarterContent/Textures/T_Concrete_Panels_N.uexp" 678
"C:/UEC++/TerrorNun/Content/TerrorNun/StarterContent/Textures/T_Concrete_Panels_N.ubulk" 679
"C:/UEC++/TerrorNun/Content/TerrorNun/StarterContent/Textures/T_Concrete_Panels_D.uasset" 680
"C:/UEC++/TerrorNun/Content/TerrorNun/StarterContent/Textures/T_Concrete_Panels_D.uexp" 681
"C:/UEC++/TerrorNun/Content/TerrorNun/StarterContent/Textures/T_Concrete_Panels_D.ubulk" 682
"C:/UEC++/TerrorNun/Content/TerrorNun/StarterContent/Materials/M_Concrete_Panels.uasset" 683
"C:/UEC++/TerrorNun/Content/TerrorNun/StarterContent/Materials/M_Concrete_Panels.uexp" 684
"../../../Engine/Content/EngineSky/M_Sky_Panning_Clouds2.uasset" 685
"../../../Engine/Content/EngineSky/M_Sky_Panning_Clouds2.uexp" 686
"C:/UEC++/TerrorNun/Content/TerrorNun/Mpas/HouseMap_BuiltData.uasset" 687
"C:/UEC++/TerrorNun/Content/TerrorNun/Mpas/HouseMap_BuiltData.uexp" 688
"C:/UEC++/TerrorNun/Content/TerrorNun/Mpas/HouseMap_BuiltData.ubulk" 689
"../../../Engine/Content/EngineSky/SM_SkySphere.uasset" 690
"../../../Engine/Content/EngineSky/SM_SkySphere.uexp" 691
"../../../Engine/Content/EngineSky/C_Sky_Zenith_Color.uasset" 692
"../../../Engine/Content/EngineSky/C_Sky_Zenith_Color.uexp" 693
"../../../Engine/Content/EngineSky/C_Sky_Horizon_Color.uasset" 694
"../../../Engine/Content/EngineSky/C_Sky_Horizon_Color.uexp" 695
"../../../Engine/Content/EngineSky/C_Sky_Cloud_Color.uasset" 696
"../../../Engine/Content/EngineSky/C_Sky_Cloud_Color.uexp" 697
"../../../Engine/Content/EditorBlueprintResources/StandardMacros.uasset" 698
"../../../Engine/Content/EditorBlueprintResources/StandardMacros.uexp" 699
"../../../Engine/Content/EngineSky/BP_Sky_Sphere.uasset" 700
"../../../Engine/Content/EngineSky/BP_Sky_Sphere.uexp" 701
"C:/UEC++/TerrorNun/Content/TerrorNun/Curves/FC_OpenDrawer.uasset" 702
"C:/UEC++/TerrorNun/Content/TerrorNun/Curves/FC_OpenDrawer.uexp" 703
"C:/UEC++/TerrorNun/Content/TerrorNun/Audio/Ambient/SW_OpeDrawer.uasset" 704
"C:/UEC++/TerrorNun/Content/TerrorNun/Audio/Ambient/SW_OpeDrawer.uexp" 705
"C:/UEC++/TerrorNun/Content/TerrorNun/Assets/DrawerUnit/dark_wood__exterior.uasset" 706
"C:/UEC++/TerrorNun/Content/TerrorNun/Assets/DrawerUnit/dark_wood__exterior.uexp" 707
"C:/UEC++/TerrorNun/Content/TerrorNun/Assets/DrawerUnit/M_Drawer_DarkWood.uasset" 708
"C:/UEC++/TerrorNun/Content/TerrorNun/Assets/DrawerUnit/M_Drawer_DarkWood.uexp" 709
"C:/UEC++/TerrorNun/Content/TerrorNun/Assets/DrawerUnit/Drawer1.uasset" 710
"C:/UEC++/TerrorNun/Content/TerrorNun/Assets/DrawerUnit/Drawer1.uexp" 711
"C:/UEC++/TerrorNun/Content/TerrorNun/Assets/DrawerUnit/Drawer2.uasset" 712
"C:/UEC++/TerrorNun/Content/TerrorNun/Assets/DrawerUnit/Drawer2.uexp" 713
"C:/UEC++/TerrorNun/Content/TerrorNun/Assets/DrawerUnit/Drawer3.uasset" 714
"C:/UEC++/TerrorNun/Content/TerrorNun/Assets/DrawerUnit/Drawer3.uexp" 715
"C:/UEC++/TerrorNun/Content/TerrorNun/Assets/DrawerUnit/Drawer4.uasset" 716
"C:/UEC++/TerrorNun/Content/TerrorNun/Assets/DrawerUnit/Drawer4.uexp" 717
"C:/UEC++/TerrorNun/Content/TerrorNun/Assets/DrawerUnit/DrawerUnit.uasset" 718
"C:/UEC++/TerrorNun/Content/TerrorNun/Assets/DrawerUnit/DrawerUnit.uexp" 719
"C:/UEC++/TerrorNun/Content/TerrorNun/Blueprints/Other/BP_Drawer.uasset" 720
"C:/UEC++/TerrorNun/Content/TerrorNun/Blueprints/Other/BP_Drawer.uexp" 721
"C:/UEC++/TerrorNun/Content/TerrorNun/AI/BB_Nun.uasset" 722
"C:/UEC++/TerrorNun/Content/TerrorNun/AI/BB_Nun.uexp" 723
"C:/UEC++/TerrorNun/Content/TerrorNun/AI/TTK_SetHear.uasset" 724
"C:/UEC++/TerrorNun/Content/TerrorNun/AI/TTK_SetHear.uexp" 725
"C:/UEC++/TerrorNun/Content/TerrorNun/AI/TTK_ChasePlayer.uasset" 726
"C:/UEC++/TerrorNun/Content/TerrorNun/AI/TTK_ChasePlayer.uexp" 727
"C:/UEC++/TerrorNun/Content/TerrorNun/AI/BT_Nun.uasset" 728
"C:/UEC++/TerrorNun/Content/TerrorNun/AI/BT_Nun.uexp" 729
"C:/UEC++/TerrorNun/Content/BP_NunAIController.uasset" 730
"C:/UEC++/TerrorNun/Content/BP_NunAIController.uexp" 731
"C:/UEC++/TerrorNun/Content/Testes/AdvancedLocomotionV4/Audio/Footsteps/Concrete_Walk_03.uasset" 732
"C:/UEC++/TerrorNun/Content/Testes/AdvancedLocomotionV4/Audio/Footsteps/Concrete_Walk_03.uexp" 733
"C:/UEC++/TerrorNun/Content/Testes/AdvancedLocomotionV4/Audio/Footsteps/Concrete_Walk_02.uasset" 734
"C:/UEC++/TerrorNun/Content/Testes/AdvancedLocomotionV4/Audio/Footsteps/Concrete_Walk_02.uexp" 735
"C:/UEC++/TerrorNun/Content/Testes/AdvancedLocomotionV4/Audio/Footsteps/Concrete_Walk_01.uasset" 736
"C:/UEC++/TerrorNun/Content/Testes/AdvancedLocomotionV4/Audio/Footsteps/Concrete_Walk_01.uexp" 737
"C:/UEC++/TerrorNun/Content/Testes/AdvancedLocomotionV4/Audio/Footsteps/Concrete_Walk_05.uasset" 738
"C:/UEC++/TerrorNun/Content/Testes/AdvancedLocomotionV4/Audio/Footsteps/Concrete_Walk_05.uexp" 739
"C:/UEC++/TerrorNun/Content/Testes/AdvancedLocomotionV4/Audio/Footsteps/Concrete_Walk_04.uasset" 740
"C:/UEC++/TerrorNun/Content/Testes/AdvancedLocomotionV4/Audio/Footsteps/Concrete_Walk_04.uexp" 741
"C:/UEC++/TerrorNun/Content/Testes/AdvancedLocomotionV4/Audio/Footsteps/CUE_Walk.uasset" 742
"C:/UEC++/TerrorNun/Content/Testes/AdvancedLocomotionV4/Audio/Footsteps/CUE_Walk.uexp" 743
"C:/UEC++/TerrorNun/Content/TerrorNun/Mannequin/Character/Mesh/UE4_Mannequin_Skeleton.uasset" 744
"C:/UEC++/TerrorNun/Content/TerrorNun/Mannequin/Character/Mesh/UE4_Mannequin_Skeleton.uexp" 745
"../../../Engine/Content/Animation/DefaultAnimCurveCompressionSettings.uasset" 746
"../../../Engine/Content/Animation/DefaultAnimCurveCompressionSettings.uexp" 747
"../../../Engine/Content/Animation/DefaultAnimBoneCompressionSettings.uasset" 748
"../../../Engine/Content/Animation/DefaultAnimBoneCompressionSettings.uexp" 749
"C:/UEC++/TerrorNun/Content/TerrorNun/Mannequin/Animations/ThirdPersonWalk.uasset" 750
"C:/UEC++/TerrorNun/Content/TerrorNun/Mannequin/Animations/ThirdPersonWalk.uexp" 751
"C:/UEC++/TerrorNun/Content/Testes/AdvancedLocomotionV4/Audio/Footsteps/Concrete_Run_04.uasset" 752
"C:/UEC++/TerrorNun/Content/Testes/AdvancedLocomotionV4/Audio/Footsteps/Concrete_Run_04.uexp" 753
"C:/UEC++/TerrorNun/Content/Testes/AdvancedLocomotionV4/Audio/Footsteps/Concrete_Run_03.uasset" 754
"C:/UEC++/TerrorNun/Content/Testes/AdvancedLocomotionV4/Audio/Footsteps/Concrete_Run_03.uexp" 755
"C:/UEC++/TerrorNun/Content/Testes/AdvancedLocomotionV4/Audio/Footsteps/Concrete_Run_02.uasset" 756
"C:/UEC++/TerrorNun/Content/Testes/AdvancedLocomotionV4/Audio/Footsteps/Concrete_Run_02.uexp" 757
"C:/UEC++/TerrorNun/Content/Testes/AdvancedLocomotionV4/Audio/Footsteps/Concrete_Run_01.uasset" 758
"C:/UEC++/TerrorNun/Content/Testes/AdvancedLocomotionV4/Audio/Footsteps/Concrete_Run_01.uexp" 759
"C:/UEC++/TerrorNun/Content/Testes/AdvancedLocomotionV4/Audio/Footsteps/CUE_Run.uasset" 760
"C:/UEC++/TerrorNun/Content/Testes/AdvancedLocomotionV4/Audio/Footsteps/CUE_Run.uexp" 761
"C:/UEC++/TerrorNun/Content/TerrorNun/Mannequin/Animations/ThirdPersonRun.uasset" 762
"C:/UEC++/TerrorNun/Content/TerrorNun/Mannequin/Animations/ThirdPersonRun.uexp" 763
"C:/UEC++/TerrorNun/Content/TerrorNun/Mannequin/Animations/ThirdPersonIdle.uasset" 764
"C:/UEC++/TerrorNun/Content/TerrorNun/Mannequin/Animations/ThirdPersonIdle.uexp" 765
"C:/UEC++/TerrorNun/Content/TerrorNun/Mannequin/Animations/ThirdPerson_IdleRun_2D.uasset" 766
"C:/UEC++/TerrorNun/Content/TerrorNun/Mannequin/Animations/ThirdPerson_IdleRun_2D.uexp" 767
"C:/UEC++/TerrorNun/Content/TerrorNun/Mannequin/Animations/ThirdPerson_Jump.uasset" 768
"C:/UEC++/TerrorNun/Content/TerrorNun/Mannequin/Animations/ThirdPerson_Jump.uexp" 769
"C:/UEC++/TerrorNun/Content/TerrorNun/Mannequin/Animations/ThirdPersonJump_Start.uasset" 770
"C:/UEC++/TerrorNun/Content/TerrorNun/Mannequin/Animations/ThirdPersonJump_Start.uexp" 771
"C:/UEC++/TerrorNun/Content/TerrorNun/Mannequin/Animations/ThirdPersonJump_Loop.uasset" 772
"C:/UEC++/TerrorNun/Content/TerrorNun/Mannequin/Animations/ThirdPersonJump_Loop.uexp" 773
"C:/UEC++/TerrorNun/Content/TerrorNun/Mannequin/Animations/ThirdPerson_AnimBP.uasset" 774
"C:/UEC++/TerrorNun/Content/TerrorNun/Mannequin/Animations/ThirdPerson_AnimBP.uexp" 775
"C:/UEC++/TerrorNun/Content/TerrorNun/Mannequin/Character/Mesh/SK_Mannequin_PhysicsAsset.uasset" 776
"C:/UEC++/TerrorNun/Content/TerrorNun/Mannequin/Character/Mesh/SK_Mannequin_PhysicsAsset.uexp" 777
"C:/UEC++/TerrorNun/Content/TerrorNun/Mannequin/Character/Textures/T_UE4Logo_N.uasset" 778
"C:/UEC++/TerrorNun/Content/TerrorNun/Mannequin/Character/Textures/T_UE4Logo_N.uexp" 779
"C:/UEC++/TerrorNun/Content/TerrorNun/Mannequin/Character/Textures/T_UE4Logo_N.ubulk" 780
"C:/UEC++/TerrorNun/Content/TerrorNun/Mannequin/Character/Textures/T_UE4Logo_Mask.uasset" 781
"C:/UEC++/TerrorNun/Content/TerrorNun/Mannequin/Character/Textures/T_UE4Logo_Mask.uexp" 782
"C:/UEC++/TerrorNun/Content/TerrorNun/Mannequin/Character/Textures/T_UE4Logo_Mask.ubulk" 783
"C:/UEC++/TerrorNun/Content/TerrorNun/Mannequin/Character/Textures/T_Male_N.uasset" 784
"C:/UEC++/TerrorNun/Content/TerrorNun/Mannequin/Character/Textures/T_Male_N.uexp" 785
"C:/UEC++/TerrorNun/Content/TerrorNun/Mannequin/Character/Textures/T_Male_N.ubulk" 786
"C:/UEC++/TerrorNun/Content/TerrorNun/Mannequin/Character/Textures/T_Male_Mask.uasset" 787
"C:/UEC++/TerrorNun/Content/TerrorNun/Mannequin/Character/Textures/T_Male_Mask.uexp" 788
"C:/UEC++/TerrorNun/Content/TerrorNun/Mannequin/Character/Textures/T_Male_Mask.ubulk" 789
"C:/UEC++/TerrorNun/Content/TerrorNun/Mannequin/Character/Materials/MaterialLayers/T_ML_Rubber_Blue_01_N.uasset" 790
"C:/UEC++/TerrorNun/Content/TerrorNun/Mannequin/Character/Materials/MaterialLayers/T_ML_Rubber_Blue_01_N.uexp" 791
"C:/UEC++/TerrorNun/Content/TerrorNun/Mannequin/Character/Materials/MaterialLayers/T_ML_Rubber_Blue_01_N.ubulk" 792
"C:/UEC++/TerrorNun/Content/TerrorNun/Mannequin/Character/Materials/MaterialLayers/T_ML_Rubber_Blue_01_D.uasset" 793
"C:/UEC++/TerrorNun/Content/TerrorNun/Mannequin/Character/Materials/MaterialLayers/T_ML_Rubber_Blue_01_D.uexp" 794
"C:/UEC++/TerrorNun/Content/TerrorNun/Mannequin/Character/Materials/MaterialLayers/T_ML_Rubber_Blue_01_D.ubulk" 795
"C:/UEC++/TerrorNun/Content/TerrorNun/Mannequin/Character/Materials/MaterialLayers/T_ML_Aluminum01_N.uasset" 796
"C:/UEC++/TerrorNun/Content/TerrorNun/Mannequin/Character/Materials/MaterialLayers/T_ML_Aluminum01_N.uexp" 797
"C:/UEC++/TerrorNun/Content/TerrorNun/Mannequin/Character/Materials/MaterialLayers/T_ML_Aluminum01_N.ubulk" 798
"C:/UEC++/TerrorNun/Content/TerrorNun/Mannequin/Character/Materials/MaterialLayers/T_ML_Aluminum01.uasset" 799
"C:/UEC++/TerrorNun/Content/TerrorNun/Mannequin/Character/Materials/MaterialLayers/T_ML_Aluminum01.uexp" 800
"C:/UEC++/TerrorNun/Content/TerrorNun/Mannequin/Character/Materials/MaterialLayers/T_ML_Aluminum01.ubulk" 801
"C:/UEC++/TerrorNun/Content/TerrorNun/Mannequin/Character/Materials/MaterialLayers/ML_SoftMetal_UE4.uasset" 802
"C:/UEC++/TerrorNun/Content/TerrorNun/Mannequin/Character/Materials/MaterialLayers/ML_SoftMetal_UE4.uexp" 803
"C:/UEC++/TerrorNun/Content/TerrorNun/Mannequin/Character/Materials/MaterialLayers/ML_Plastic_Shiny_Beige_LOGO.uasset" 804
"C:/UEC++/TerrorNun/Content/TerrorNun/Mannequin/Character/Materials/MaterialLayers/ML_Plastic_Shiny_Beige_LOGO.uexp" 805
"C:/UEC++/TerrorNun/Content/TerrorNun/Mannequin/Character/Materials/MaterialLayers/ML_Plastic_Shiny_Beige.uasset" 806
"C:/UEC++/TerrorNun/Content/TerrorNun/Mannequin/Character/Materials/MaterialLayers/ML_Plastic_Shiny_Beige.uexp" 807
"C:/UEC++/TerrorNun/Content/TerrorNun/Mannequin/Character/Materials/MaterialLayers/ML_GlossyBlack_Latex_UE4.uasset" 808
"C:/UEC++/TerrorNun/Content/TerrorNun/Mannequin/Character/Materials/MaterialLayers/ML_GlossyBlack_Latex_UE4.uexp" 809
"../../../Engine/Content/Functions/MaterialLayerFunctions/MatLayerBlend_Simple.uasset" 810
"../../../Engine/Content/Functions/MaterialLayerFunctions/MatLayerBlend_Simple.uexp" 811
"../../../Engine/Content/Functions/Engine_MaterialFunctions02/Utility/BlendAngleCorrectedNormals.uasset" 812
"../../../Engine/Content/Functions/Engine_MaterialFunctions02/Utility/BlendAngleCorrectedNormals.uexp" 813
"../../../Engine/Content/Functions/MaterialLayerFunctions/MatLayerBlend_NormalBlend.uasset" 814
"../../../Engine/Content/Functions/MaterialLayerFunctions/MatLayerBlend_NormalBlend.uexp" 815
"C:/UEC++/TerrorNun/Content/TerrorNun/Mannequin/Character/Materials/M_Male_Body.uasset" 816
"C:/UEC++/TerrorNun/Content/TerrorNun/Mannequin/Character/Materials/M_Male_Body.uexp" 817
"C:/UEC++/TerrorNun/Content/TerrorNun/Mannequin/Character/Materials/M_UE4Man_ChestLogo.uasset" 818
"C:/UEC++/TerrorNun/Content/TerrorNun/Mannequin/Character/Materials/M_UE4Man_ChestLogo.uexp" 819
"C:/UEC++/TerrorNun/Content/TerrorNun/Mannequin/Character/Mesh/SK_Mannequin.uasset" 820
"C:/UEC++/TerrorNun/Content/TerrorNun/Mannequin/Character/Mesh/SK_Mannequin.uexp" 821
"C:/UEC++/TerrorNun/Content/BP_NunCharacterAI.uasset" 822
"C:/UEC++/TerrorNun/Content/BP_NunCharacterAI.uexp" 823
"C:/UEC++/TerrorNun/Content/TerrorNun/Assets/Nail/M_Nail.uasset" 824
"C:/UEC++/TerrorNun/Content/TerrorNun/Assets/Nail/M_Nail.uexp" 825
"C:/UEC++/TerrorNun/Content/TerrorNun/StarterContent/Materials/M_Basic_Wall.uasset" 826
"C:/UEC++/TerrorNun/Content/TerrorNun/StarterContent/Materials/M_Basic_Wall.uexp" 827
"C:/UEC++/TerrorNun/Content/TerrorNun/StarterContent/Shapes/Shape_Cube.uasset" 828
"C:/UEC++/TerrorNun/Content/TerrorNun/StarterContent/Shapes/Shape_Cube.uexp" 829
"C:/UEC++/TerrorNun/Content/TerrorNun/Blueprints/Other/BP_Wood.uasset" 830
"C:/UEC++/TerrorNun/Content/TerrorNun/Blueprints/Other/BP_Wood.uexp" 831
"C:/UEC++/TerrorNun/Content/TerrorNun/Audio/Ambient/SW_CreepySound.uasset" 832
"C:/UEC++/TerrorNun/Content/TerrorNun/Audio/Ambient/SW_CreepySound.uexp" 833
"C:/UEC++/TerrorNun/Content/TerrorNun/Mpas/HouseMap.uexp" 834
"C:/UEC++/TerrorNun/Content/TerrorNun/Mpas/HouseMap.umap" 835
"C:/UEC++/TerrorNun/Content/TerrorNun/Blueprints/Widgets/WBP_MainHud.uasset" 836
"C:/UEC++/TerrorNun/Content/TerrorNun/Blueprints/Widgets/WBP_MainHud.uexp" 837
"C:/UEC++/TerrorNun/Content/TerrorNun/Blueprints/Gamemode/BP_MainHudGameMode.uasset" 838
"C:/UEC++/TerrorNun/Content/TerrorNun/Blueprints/Gamemode/BP_MainHudGameMode.uexp" 839
"../../../Engine/Content/MapTemplates/SM_Template_Map_Floor.uasset" 840
"../../../Engine/Content/MapTemplates/SM_Template_Map_Floor.uexp" 841
"C:/UEC++/TerrorNun/Content/TerrorNun/Mpas/MainHudMap_BuiltData.uasset" 842
"C:/UEC++/TerrorNun/Content/TerrorNun/Mpas/MainHudMap_BuiltData.uexp" 843
"C:/UEC++/TerrorNun/Content/TerrorNun/Mpas/MainHudMap_BuiltData.ubulk" 844
"C:/UEC++/TerrorNun/Content/TerrorNun/Mpas/MainHudMap.uexp" 845
"C:/UEC++/TerrorNun/Content/TerrorNun/Mpas/MainHudMap.umap" 846
"../../../Engine/Content/Maps/Entry_BuiltData.uasset" 847
"../../../Engine/Content/Maps/Entry_BuiltData.uexp" 848
"../../../Engine/Content/Maps/Entry.uexp" 849
"../../../Engine/Content/Maps/Entry.umap" 850
